11:41:11.128 [main] INFO  testBase.TC_001_RegisterClass - Start the test from beganing 
11:41:11.207 [main] INFO  testBase.TC_001_RegisterClass - Click to my Account 
11:41:11.947 [main] INFO  testBase.TC_001_RegisterClass - then click to register 
11:41:11.948 [main] INFO  testBase.TC_001_RegisterClass - egister all the customer info ");
11:42:50.393 [main] INFO  testBase.TC_001_RegisterClass - Start the test from beganing 
11:42:50.467 [main] INFO  testBase.TC_001_RegisterClass - Click to my Account 
11:42:51.273 [main] INFO  testBase.TC_001_RegisterClass - then click to register 
11:42:51.275 [main] INFO  testBase.TC_001_RegisterClass - egister all the customer info ");
11:44:49.707 [main] INFO  testBase.TC_001_RegisterClass - Start the test from beganing 
11:44:49.788 [main] INFO  testBase.TC_001_RegisterClass - Click to my Account 
11:44:50.528 [main] INFO  testBase.TC_001_RegisterClass - then click to register 
11:44:50.530 [main] INFO  testBase.TC_001_RegisterClass - egister all the customer info ");
11:48:09.044 [main] INFO  testBase.TC_001_RegisterClass - Start the test from beganing 
11:48:09.122 [main] INFO  testBase.TC_001_RegisterClass - Click to my Account 
11:48:09.777 [main] INFO  testBase.TC_001_RegisterClass - then click to register 
11:48:09.779 [main] INFO  testBase.TC_001_RegisterClass - egister all the customer info ");
11:49:24.610 [main] INFO  testBase.TC_001_RegisterClass - Start the test from beganing 
11:49:24.689 [main] INFO  testBase.TC_001_RegisterClass - Click to my Account 
11:49:25.324 [main] INFO  testBase.TC_001_RegisterClass - then click to register 
11:49:25.326 [main] INFO  testBase.TC_001_RegisterClass - egister all the customer info ");
14:44:34.800 [main] INFO  testBase.TC_001_RegisterClass - Start the test from beganing 
14:44:35.071 [main] INFO  testBase.TC_001_RegisterClass - Click to my Account 
14:44:35.513 [main] INFO  testBase.TC_001_RegisterClass - then click to register 
14:44:35.516 [main] INFO  testBase.TC_001_RegisterClass - egister all the customer info ");
14:46:18.967 [main] INFO  testBase.TC_001_RegisterClass - Start the test from beganing 
14:46:19.217 [main] INFO  testBase.TC_001_RegisterClass - Click to my Account 
14:46:19.658 [main] INFO  testBase.TC_001_RegisterClass - then click to register 
14:46:19.660 [main] INFO  testBase.TC_001_RegisterClass - egister all the customer info ");
14:47:54.104 [main] INFO  testBase.TC_001_RegisterClass - Start the test from beganing 
14:47:54.374 [main] INFO  testBase.TC_001_RegisterClass - Click to my Account 
14:47:54.819 [main] INFO  testBase.TC_001_RegisterClass - then click to register 
14:47:54.821 [main] INFO  testBase.TC_001_RegisterClass - egister all the customer info ");
14:49:28.424 [main] INFO  testBase.TC_001_RegisterClass - Start the test from beganing 
14:49:28.668 [main] INFO  testBase.TC_001_RegisterClass - Click to my Account 
14:49:29.125 [main] INFO  testBase.TC_001_RegisterClass - then click to register 
14:49:29.127 [main] INFO  testBase.TC_001_RegisterClass - egister all the customer info ");
14:54:43.689 [main] INFO  testBase.TC_001_RegisterClass - Start the test from beganing 
14:54:43.793 [main] INFO  testBase.TC_001_RegisterClass - Click to my Account 
14:54:44.193 [main] INFO  testBase.TC_001_RegisterClass - then click to register 
14:54:44.195 [main] INFO  testBase.TC_001_RegisterClass - egister all the customer info ");
14:55:28.982 [main] INFO  testBase.TC_001_RegisterClass - Start the test from beganing 
14:55:29.241 [main] INFO  testBase.TC_001_RegisterClass - Click to my Account 
14:55:29.796 [main] INFO  testBase.TC_001_RegisterClass - then click to register 
14:55:29.799 [main] INFO  testBase.TC_001_RegisterClass - egister all the customer info ");
14:56:27.411 [main] INFO  testBase.TC_001_RegisterClass - Start the test from beganing 
14:56:27.564 [main] INFO  testBase.TC_001_RegisterClass - Click to my Account 
14:56:28.033 [main] INFO  testBase.TC_001_RegisterClass - then click to register 
14:56:28.035 [main] INFO  testBase.TC_001_RegisterClass - egister all the customer info ");
15:19:34.275 [main] INFO  testBase.TC_002_LoginToMyAccount - Login to my Account 
15:20:55.616 [main] INFO  testBase.TC_002_LoginToMyAccount - Login to my Account 
15:23:45.242 [main] INFO  testBase.TC_002_LoginToMyAccount - Login to my Account 
15:26:24.376 [main] INFO  testBase.TC_002_LoginToMyAccount - Login to my Account 
15:29:45.903 [main] INFO  testBase.TC_002_LoginToMyAccount - Login to my Account 
15:29:52.418 [main] INFO  testBase.TC_002_LoginToMyAccount - Login to my Account 
15:30:00.302 [main] INFO  testBase.TC_002_LoginToMyAccount - Login to my Account 
15:33:24.686 [main] INFO  testBase.TC_001_RegisterClass - Start the test from beganing 
15:33:24.786 [main] INFO  testBase.TC_001_RegisterClass - Click to my Account 
15:33:25.203 [main] INFO  testBase.TC_001_RegisterClass - then click to register 
15:33:25.205 [main] INFO  testBase.TC_001_RegisterClass - egister all the customer info ");
